C51 COMPILER V9.60.7.0   MAIN                                                              05/13/2024 20:56:46 PAGE 1   


C51 COMPILER V9.60.7.0, COMPILATION OF MODULE MAIN
OBJECT MODULE PLACED IN .\Objects\main.obj
COMPILER INVOKED BY: C:\Keil_v5\C51\BIN\C51.EXE main.c OPTIMIZE(8,SPEED) BROWSE DEBUG OBJECTEXTEND PRINT(.\Listings\main
                    -.lst) OBJECT(.\Objects\main.obj)

line level    source

   1          #include <REGX51.H>
   2          //#include "Delay.h"
   3          #include "LCD1602.h"
   4          #include "XPT2046.h"
   5          
   6          unsigned char Counter,Compare,i,num;
   7          
   8          void main()
   9          {
  10   1              LCD_Init();
  11   1      
  12   1              while(1)
  13   1              {
  14   2                      LCD_ShowString(1,1,"GR1");
  15   2                      LCD_ShowNum(2,1,XPT2046_ReadAD(XPT2046_VBAT),3);
  16   2                      
  17   2                      
  18   2      //              LCD_ShowNum(2,5,XPT2046_ReadAD(XPT2046_AUX),3);
  19   2      
  20   2                      LCD_ShowString(1,5,"Pot");
  21   2                      LCD_ShowNum(2,5,XPT2046_ReadAD(XPT2046_XP),3);
  22   2                      
  23   2                      LCD_ShowString(1,9,"NTC1");
  24   2                      LCD_ShowNum(2,9,XPT2046_ReadAD(XPT2046_YP),3);
  25   2                      
  26   2              }
  27   1      }


MODULE INFORMATION:   STATIC OVERLAYABLE
   CODE SIZE        =    101    ----
   CONSTANT SIZE    =     13    ----
   XDATA SIZE       =   ----    ----
   PDATA SIZE       =   ----    ----
   DATA SIZE        =      4    ----
   IDATA SIZE       =   ----    ----
   BIT SIZE         =   ----    ----
END OF MODULE INFORMATION.


C51 COMPILATION COMPLETE.  0 WARNING(S),  0 ERROR(S)
