C51 COMPILER V9.60.7.0   MAIN                                                              04/25/2024 09:53:12 PAGE 1   


C51 COMPILER V9.60.7.0, COMPILATION OF MODULE MAIN
OBJECT MODULE PLACED IN .\Objects\main.obj
COMPILER INVOKED BY: C:\Keil_v5\C51\BIN\C51.EXE main.c OPTIMIZE(8,SPEED) BROWSE DEBUG OBJECTEXTEND PRINT(.\Listings\main
                    -.lst) OBJECT(.\Objects\main.obj)

line level    source

   1          #include <REGX51.H>
   2          #include "Timer0.h"
   3          #include "Timer1.h"
   4          #include "Delay.h"
   5          #include "MatrixKey.h"
   6          
   7          char dig[]={0xF9,0xA4,0xB0,0x99,0x92,0x82,0xF8,0x80,0x98};
   8          void main()
   9          {
  10   1              Timer0_Init();
  11   1              Timer1_Init();
  12   1              P2=0x07;
  13   1              //P0=0x01;
  14   1              while(1)
  15   1              {
  16   2                      int key=MatrixKey();
  17   2                      if(key)
  18   2                      {
  19   3                              key=MatrixKey();
  20   3                              while(key);
  21   3                              P0=0x01;
  22   3                      }
  23   2              }
  24   1      }
  25          
  26          //unsigned int count0=0;
  27          //void Timer0_LED()     interrupt 1
  28          //{
  29          //      TL0 = 0x18;                             //设置定时初始值
  30          //      TH0 = 0xFC;                             //设置定时初始值
  31          //      count0++;
  32          //      if(count0%200==0)
  33          //              P3_0=~P3_0;
  34          //      if(count0%300==0)
  35          //              P3_1=~P3_1;
  36          //      if(count0%500==0)
  37          //              P3_2=~P3_2;
  38          //      if(count0%1000==0)
  39          //              P3_3=~P3_3;
  40          //      if(count0==3000)
  41          //              count0=0;
  42          //}
  43          
  44          unsigned int count1=0;
  45          
  46          void Timer1()   interrupt 3
  47          {
  48   1              TL1 = 0x18;                             //设置定时初始值
  49   1              TH1 = 0xFC;                             //设置定时初始值
  50   1              count1++;
  51   1              if(count1==5)
  52   1              {
  53   2                      count1=0;
  54   2                      P2--;
C51 COMPILER V9.60.7.0   MAIN                                                              04/25/2024 09:53:12 PAGE 2   

  55   2                      if(P2<0)
  56   2                              P2=0x07;
  57   2              }
  58   1      }


MODULE INFORMATION:   STATIC OVERLAYABLE
   CODE SIZE        =     85    ----
   CONSTANT SIZE    =   ----    ----
   XDATA SIZE       =   ----    ----
   PDATA SIZE       =   ----    ----
   DATA SIZE        =     11       2
   IDATA SIZE       =   ----    ----
   BIT SIZE         =   ----    ----
END OF MODULE INFORMATION.


C51 COMPILATION COMPLETE.  0 WARNING(S),  0 ERROR(S)
