C51 COMPILER V9.60.7.0   MATRIXKEY                                                         04/25/2024 08:25:47 PAGE 1   


C51 COMPILER V9.60.7.0, COMPILATION OF MODULE MATRIXKEY
OBJECT MODULE PLACED IN .\Objects\MatrixKey.obj
COMPILER INVOKED BY: C:\Keil_v5\C51\BIN\C51.EXE MatrixKey.c OPTIMIZE(8,SPEED) BROWSE DEBUG OBJECTEXTEND PRINT(.\Listings
                    -\MatrixKey.lst) OBJECT(.\Objects\MatrixKey.obj)

line level    source

   1          #include <REGX51.H>
   2          #include "Delay.h"
   3          
   4          unsigned int MatrixKey()
   5          {
   6   1              int KeyNum=0;
   7   1              
   8   1              P1=0xFF;
   9   1              P1_0=0;
  10   1              if(P1_4==0){Delay(10);while(P1_4==0);Delay(10);KeyNum=1;}
  11   1              if(P1_5==0){Delay(10);while(P1_5==0);Delay(10);KeyNum=2;}
  12   1              if(P1_6==0){Delay(10);while(P1_6==0);Delay(10);KeyNum=3;}
  13   1              if(P1_7==0){Delay(10);while(P1_7==0);Delay(10);KeyNum=4;}
  14   1              
  15   1              P1=0xFF;
  16   1              P1_1=0;
  17   1              if(P1_4==0){Delay(10);while(P1_4==0);Delay(10);KeyNum=5;}
  18   1              if(P1_5==0){Delay(10);while(P1_5==0);Delay(10);KeyNum=6;}
  19   1              if(P1_6==0){Delay(10);while(P1_6==0);Delay(10);KeyNum=7;}
  20   1              if(P1_7==0){Delay(10);while(P1_7==0);Delay(10);KeyNum=8;}
  21   1      
  22   1              P1=0xFF;
  23   1              P1_2=0;
  24   1              if(P1_4==0){Delay(10);while(P1_4==0);Delay(10);KeyNum=9;}
  25   1              if(P1_5==0){Delay(10);while(P1_5==0);Delay(10);KeyNum=10;}
  26   1              if(P1_6==0){Delay(10);while(P1_6==0);Delay(10);KeyNum=11;}
  27   1              if(P1_7==0){Delay(10);while(P1_7==0);Delay(10);KeyNum=12;}
  28   1      
  29   1              P1=0xFF;
  30   1              P1_3=0;
  31   1              if(P1_4==0){Delay(10);while(P1_4==0);Delay(10);KeyNum=13;}
  32   1              if(P1_5==0){Delay(10);while(P1_5==0);Delay(10);KeyNum=14;}
  33   1              if(P1_6==0){Delay(10);while(P1_6==0);Delay(10);KeyNum=15;}
  34   1              if(P1_7==0){Delay(10);while(P1_7==0);Delay(10);KeyNum=16;}
  35   1      
  36   1              return KeyNum;
  37   1      }


MODULE INFORMATION:   STATIC OVERLAYABLE
   CODE SIZE        =    445    ----
   CONSTANT SIZE    =   ----    ----
   XDATA SIZE       =   ----    ----
   PDATA SIZE       =   ----    ----
   DATA SIZE        =   ----       2
   IDATA SIZE       =   ----    ----
   BIT SIZE         =   ----    ----
END OF MODULE INFORMATION.


C51 COMPILATION COMPLETE.  0 WARNING(S),  0 ERROR(S)
