C51 COMPILER V9.60.7.0   MAIN                                                              05/03/2024 22:53:06 PAGE 1   


C51 COMPILER V9.60.7.0, COMPILATION OF MODULE MAIN
OBJECT MODULE PLACED IN .\Objects\main.obj
COMPILER INVOKED BY: C:\Keil_v5\C51\BIN\C51.EXE main.c OPTIMIZE(8,SPEED) BROWSE DEBUG OBJECTEXTEND PRINT(.\Listings\main
                    -.lst) OBJECT(.\Objects\main.obj)

line level    source

   1          #include <REGX51.H>
   2          #include "Delay.h"
   3          #include "UART.h"
   4          #include "LCD1602.h"
   5          #include "string.h"
   6          #include <stdlib.h>
   7          
   8          char str[32]="";
   9          static char index=0;
  10          
  11          void main()
  12          {
  13   1              LCD_Init();
  14   1              UART_Init();
  15   1              
  16   1              while(1)
  17   1              {
  18   2                      if(index<17) LCD_ShowString(1,1,str);//长度16以内显示在第一行
  19   2                      else
  20   2                      {
  21   3                              LCD_ShowString(2,1,&str[16]);//长度超过16显示在第二行
  22   3                              if(index>32) index=0;//长度超过32索引置0
  23   3                      }
  24   2              }
  25   1      }
  26          
  27          
  28          void UART_Routine() interrupt 4
  29          {
  30   1              if(RI==1)
  31   1              {
  32   2                      char rev=SBUF;
  33   2                      RI=0;
  34   2                      if(rev>=97 && rev<=122)//小写转大写
  35   2                      {
  36   3                              UART_SendByte(rev-32);//回传
  37   3                              str[index]=rev-32;
  38   3                      }
  39   2                      else
  40   2                      {
  41   3                              UART_SendByte(rev);//回传
  42   3                              str[index]=rev;
  43   3                      }
  44   2                      
  45   2                      index++;
  46   2              }
  47   1      }


MODULE INFORMATION:   STATIC OVERLAYABLE
   CODE SIZE        =    175    ----
   CONSTANT SIZE    =   ----    ----
   XDATA SIZE       =   ----    ----
   PDATA SIZE       =   ----    ----
C51 COMPILER V9.60.7.0   MAIN                                                              05/03/2024 22:53:06 PAGE 2   

   DATA SIZE        =     33       1
   IDATA SIZE       =   ----    ----
   BIT SIZE         =   ----    ----
END OF MODULE INFORMATION.


C51 COMPILATION COMPLETE.  0 WARNING(S),  0 ERROR(S)
