C51 COMPILER V9.60.7.0   INT                                                               04/23/2024 00:53:45 PAGE 1   


C51 COMPILER V9.60.7.0, COMPILATION OF MODULE INT
OBJECT MODULE PLACED IN .\Objects\Int.obj
COMPILER INVOKED BY: C:\Keil_v5\C51\BIN\C51.EXE Int.c OPTIMIZE(8,SPEED) BROWSE DEBUG OBJECTEXTEND PRINT(.\Listings\Int.l
                    -st) OBJECT(.\Objects\Int.obj)

line level    source

   1          #include <regx51.h>
   2          #include <intrins.h>
   3          #include "Delay.h"
   4          
   5          char a[]={0xF9,0xA4,0xB0,0x99,0x92,0x82,0xF8,0x80,0x98};
   6          int i=0;
   7          int j=8;
   8          flag=0;
   9          void Init()
  10          {
  11   1              IT0=1;
  12   1              EX0=1;
  13   1              IT1=1;
  14   1              EX1=1;
  15   1              EA=1;
  16   1      }
  17          
  18          void k1() interrupt 0
  19          {
  20   1              
  21   1              if(P3_2==0)
  22   1              {
  23   2                      DelayMs(10);
  24   2                      while(P3_2==0);
  25   2                      flag=1;
  26   2                      i=0;
  27   2              }
  28   1              
  29   1      }
  30          void k2() interrupt 2
  31          {
  32   1              if(P3_3==0)
  33   1              {       
  34   2                      DelayMs(10);
  35   2                      while(P3_3==0);
  36   2                      flag=2;
  37   2                      j=8;
  38   2              }
  39   1      }
  40          
  41          void goUp()
  42          {
  43   1              
  44   1              while(flag==1)
  45   1              {
  46   2                      P1=a[i];
  47   2                      i++;
  48   2                      if(i>8)
  49   2                              i=8;
  50   2                      DelayMs(300);
  51   2              }
  52   1      }
  53          
  54          void goLow()
C51 COMPILER V9.60.7.0   INT                                                               04/23/2024 00:53:45 PAGE 2   

  55          {
  56   1              
  57   1              while(flag==2)
  58   1              {
  59   2                      P1=a[j];
  60   2                      j--;
  61   2                      if(j<0)
  62   2                              j=0;
  63   2                      DelayMs(300);
  64   2              }
  65   1      }
  66          
  67          void main()
  68          {
  69   1              Init();
  70   1              while(1)
  71   1              {
  72   2                      if(flag==1)
  73   2                              goUp();
  74   2                      if(flag==2)
  75   2                              goLow();
  76   2              }
  77   1      }
  78          
  79          
  80          


MODULE INFORMATION:   STATIC OVERLAYABLE
   CODE SIZE        =    299    ----
   CONSTANT SIZE    =   ----    ----
   XDATA SIZE       =   ----    ----
   PDATA SIZE       =   ----    ----
   DATA SIZE        =     15    ----
   IDATA SIZE       =   ----    ----
   BIT SIZE         =   ----    ----
END OF MODULE INFORMATION.


C51 COMPILATION COMPLETE.  0 WARNING(S),  0 ERROR(S)
