C51 COMPILER V9.60.7.0   MAIN                                                              05/13/2024 21:14:55 PAGE 1   


C51 COMPILER V9.60.7.0, COMPILATION OF MODULE MAIN
OBJECT MODULE PLACED IN .\Objects\main.obj
COMPILER INVOKED BY: C:\Keil_v5\C51\BIN\C51.EXE main.c OPTIMIZE(8,SPEED) BROWSE DEBUG OBJECTEXTEND PRINT(.\Listings\main
                    -.lst) OBJECT(.\Objects\main.obj)

line level    source

   1          #include <REGX51.H>
   2          #include "Delay.h"
   3          #include "LCD1602.h"
   4          #include "XPT2046.h"
   5          #include "Timer0.h"
   6          
   7          unsigned char Counter,Compare,i,num;
   8          
   9          void main()
  10          {
  11   1              LCD_Init();
  12   1              Timer0_Init();
  13   1              while(1)
  14   1              {
  15   2      
  16   2                      num=XPT2046_ReadAD(XPT2046_XP);
  17   2                      LCD_ShowString(1,1,"Pot");  
  18   2                      LCD_ShowNum(2,1,num,3);
  19   2      
  20   2                      for(i;i<num;i++)
  21   2                      {
  22   3                              Compare=i;                      //设置比较值，改变PWM占空比
  23   3                              Delay(10);
  24   3                      }
  25   2                      for(i=num;i>0;i--)
  26   2                      {
  27   3                              Compare=i;                      //设置比较值，改变PWM占空比
  28   3                              Delay(10);
  29   3                      }
  30   2              }
  31   1      }
  32          
  33          void Timer0_Routine() interrupt 1
  34          {
  35   1              TL0 = 0x9C;                             //设置定时初始值
  36   1              TH0 = 0xFF;                             //设置定时初始值
  37   1      
  38   1              Counter++;
  39   1              Counter%=255;   //计数值变化范围限制在0~99
  40   1              if(Counter<Compare)     //计数值小于比较值
  41   1              {
  42   2                      P2_1=1;         //输出1
  43   2              }
  44   1              else                            //计数值大于比较值
  45   1              {
  46   2                      P2_1=0;         //输出0
  47   2              }
  48   1      }


MODULE INFORMATION:   STATIC OVERLAYABLE
   CODE SIZE        =    129    ----
   CONSTANT SIZE    =      4    ----
   XDATA SIZE       =   ----    ----
C51 COMPILER V9.60.7.0   MAIN                                                              05/13/2024 21:14:55 PAGE 2   

   PDATA SIZE       =   ----    ----
   DATA SIZE        =      4    ----
   IDATA SIZE       =   ----    ----
   BIT SIZE         =   ----    ----
END OF MODULE INFORMATION.


C51 COMPILATION COMPLETE.  0 WARNING(S),  0 ERROR(S)
