C51 COMPILER V9.60.7.0   TIMER1                                                            05/13/2024 21:08:12 PAGE 1   


C51 COMPILER V9.60.7.0, COMPILATION OF MODULE TIMER1
OBJECT MODULE PLACED IN .\Objects\Timer1.obj
COMPILER INVOKED BY: C:\Keil_v5\C51\BIN\C51.EXE Timer1.c OPTIMIZE(8,SPEED) BROWSE DEBUG OBJECTEXTEND PRINT(.\Listings\Ti
                    -mer1.lst) OBJECT(.\Objects\Timer1.obj)

line level    source

   1          #include <REGX51.H>
   2          
   3          void Timer1_Init(void)          //1毫秒@12.000MHz
   4          {
   5   1              ET1=1;
   6   1              EA=1;
   7   1              PT1=0;                                  //打开定时器
   8   1              TMOD &= 0x0F;                   //设置定时器模式
   9   1              TL1 = 0x20;                             //设置定时初始值
  10   1              TH1 = 0xD1;                             //设置定时初始值
  11   1              TF1 = 0;                                //清除TF1标志
  12   1              TR1 = 1;                                //定时器1开始计时
  13   1      }


MODULE INFORMATION:   STATIC OVERLAYABLE
   CODE SIZE        =     20    ----
   CONSTANT SIZE    =   ----    ----
   XDATA SIZE       =   ----    ----
   PDATA SIZE       =   ----    ----
   DATA SIZE        =   ----    ----
   IDATA SIZE       =   ----    ----
   BIT SIZE         =   ----    ----
END OF MODULE INFORMATION.


C51 COMPILATION COMPLETE.  0 WARNING(S),  0 ERROR(S)
